<?xml version="1.0" encoding="UTF-8"?>
<testng-results ignored="0" total="1" passed="1" failed="0" skipped="0">
  <reporter-output>
  </reporter-output>
  <suite started-at="2022-09-21T14:42:08 CEST" name="Default suite" finished-at="2022-09-21T14:43:29 CEST" duration-ms="81022">
    <groups>
    </groups>
    <test started-at="2022-09-21T14:42:08 CEST" name="Default test" finished-at="2022-09-21T14:43:29 CEST" duration-ms="81022">
      <class name="urosdimitrijevicmobile.Apiium.eCommerce_tc_2">
        <test-method is-config="true" signature="ConfigureAppium()[pri:0, instance:urosdimitrijevicmobile.Apiium.eCommerce_tc_2@2e3967ea]" started-at="2022-09-21T14:42:08 CEST" name="ConfigureAppium" finished-at="2022-09-21T14:42:33 CEST" duration-ms="24323" status="PASS">
          <reporter-output>
          </reporter-output>
        </test-method> <!-- ConfigureAppium -->
        <test-method signature="FillForm()[pri:0, instance:urosdimitrijevicmobile.Apiium.eCommerce_tc_2@2e3967ea]" started-at="2022-09-21T14:42:33 CEST" name="FillForm" finished-at="2022-09-21T14:43:27 CEST" duration-ms="54590" status="PASS">
          <reporter-output>
          </reporter-output>
        </test-method> <!-- FillForm -->
        <test-method is-config="true" signature="tearDown()[pri:0, instance:urosdimitrijevicmobile.Apiium.eCommerce_tc_2@2e3967ea]" started-at="2022-09-21T14:43:27 CEST" name="tearDown" finished-at="2022-09-21T14:43:29 CEST" duration-ms="2070" status="PASS">
          <reporter-output>
          </reporter-output>
        </test-method> <!-- tearDown -->
      </class> <!-- urosdimitrijevicmobile.Apiium.eCommerce_tc_2 -->
    </test> <!-- Default test -->
  </suite> <!-- Default suite -->
</testng-results>
